2013-12-26 09:51:17.080 GifMe[5245:80b] Multi-tasking -> Device: YES, App: YES
2013-12-26 09:51:17.111 GifMe[5245:80b] Unlimited access to network resources
2013-12-26 09:51:17.411 GifMe[5245:80b] Resetting plugins due to page load.
2013-12-26 09:51:17.522 GifMe[5245:80b] Finished load of: file:///Users/Drew/Library/Application%20Support/iPhone%20Simulator/7.0.3/Applications/39F24909-3BBD-41E9-8DE4-7AFCCD81CE67/GifMe.app/www/index.html
2013-12-26 09:51:17.541 GifMe[5245:80b] Received Event: deviceready
2013-12-26 09:54:13.195 GifMe[6287:80b] Multi-tasking -> Device: YES, App: YES
2013-12-26 09:54:13.202 GifMe[6287:80b] Unlimited access to network resources
2013-12-26 09:54:13.335 GifMe[6287:80b] Resetting plugins due to page load.
2013-12-26 09:54:13.372 GifMe[6287:80b] Finished load of: file:///Users/Drew/Library/Application%20Support/iPhone%20Simulator/7.0.3/Applications/39F24909-3BBD-41E9-8DE4-7AFCCD81CE67/GifMe.app/www/index.html
2013-12-26 09:54:13.390 GifMe[6287:80b] Received Event: deviceready
2013-12-26 09:57:49.438 GifMe[6956:80b] Multi-tasking -> Device: YES, App: YES
2013-12-26 09:57:49.444 GifMe[6956:80b] Unlimited access to network resources
2013-12-26 09:57:49.621 GifMe[6956:80b] Resetting plugins due to page load.
2013-12-26 09:57:49.663 GifMe[6956:80b] Finished load of: file:///Users/Drew/Library/Application%20Support/iPhone%20Simulator/7.0.3/Applications/39F24909-3BBD-41E9-8DE4-7AFCCD81CE67/GifMe.app/www/index.html
2013-12-26 09:57:49.722 GifMe[6956:80b] Received Event: deviceready
2013-12-26 09:58:58.171 GifMe[7637:80b] Multi-tasking -> Device: YES, App: YES
2013-12-26 09:58:58.179 GifMe[7637:80b] Unlimited access to network resources
2013-12-26 09:58:58.309 GifMe[7637:80b] Resetting plugins due to page load.
2013-12-26 09:58:58.371 GifMe[7637:80b] Finished load of: file:///Users/Drew/Library/Application%20Support/iPhone%20Simulator/7.0.3/Applications/39F24909-3BBD-41E9-8DE4-7AFCCD81CE67/GifMe.app/www/index.html
2013-12-26 09:58:58.394 GifMe[7637:80b] Received Event: deviceready
2013-12-26 09:59:42.817 GifMe[7969:80b] Multi-tasking -> Device: YES, App: YES
2013-12-26 09:59:42.823 GifMe[7969:80b] Unlimited access to network resources
2013-12-26 09:59:42.910 GifMe[7969:80b] Resetting plugins due to page load.
2013-12-26 09:59:42.955 GifMe[7969:80b] Finished load of: file:///Users/Drew/Library/Application%20Support/iPhone%20Simulator/7.0.3/Applications/39F24909-3BBD-41E9-8DE4-7AFCCD81CE67/GifMe.app/www/index.html
2013-12-26 09:59:42.994 GifMe[7969:80b] Received Event: deviceready
2013-12-26 10:00:21.451 GifMe[8341:80b] Multi-tasking -> Device: YES, App: YES
2013-12-26 10:00:21.457 GifMe[8341:80b] Unlimited access to network resources
2013-12-26 10:00:21.541 GifMe[8341:80b] Resetting plugins due to page load.
2013-12-26 10:00:21.589 GifMe[8341:80b] Finished load of: file:///Users/Drew/Library/Application%20Support/iPhone%20Simulator/7.0.3/Applications/39F24909-3BBD-41E9-8DE4-7AFCCD81CE67/GifMe.app/www/index.html
2013-12-26 10:00:21.618 GifMe[8341:80b] Received Event: deviceready
2013-12-26 10:02:36.593 GifMe[8949:80b] Multi-tasking -> Device: YES, App: YES
2013-12-26 10:02:36.603 GifMe[8949:80b] Unlimited access to network resources
2013-12-26 10:02:36.765 GifMe[8949:80b] Resetting plugins due to page load.
2013-12-26 10:02:36.929 GifMe[8949:80b] Finished load of: file:///Users/Drew/Library/Application%20Support/iPhone%20Simulator/7.0.3/Applications/39F24909-3BBD-41E9-8DE4-7AFCCD81CE67/GifMe.app/www/index.html
2013-12-26 10:03:32.875 GifMe[9431:80b] Multi-tasking -> Device: YES, App: YES
2013-12-26 10:03:32.881 GifMe[9431:80b] Unlimited access to network resources
2013-12-26 10:03:32.969 GifMe[9431:80b] Resetting plugins due to page load.
2013-12-26 10:03:33.065 GifMe[9431:80b] Finished load of: file:///Users/Drew/Library/Application%20Support/iPhone%20Simulator/7.0.3/Applications/39F24909-3BBD-41E9-8DE4-7AFCCD81CE67/GifMe.app/www/index.html
2013-12-26 10:04:10.339 GifMe[9907:80b] Multi-tasking -> Device: YES, App: YES
2013-12-26 10:04:10.347 GifMe[9907:80b] Unlimited access to network resources
2013-12-26 10:04:10.446 GifMe[9907:80b] Resetting plugins due to page load.
2013-12-26 10:04:10.547 GifMe[9907:80b] Finished load of: file:///Users/Drew/Library/Application%20Support/iPhone%20Simulator/7.0.3/Applications/39F24909-3BBD-41E9-8DE4-7AFCCD81CE67/GifMe.app/www/index.html
2013-12-26 10:04:48.277 GifMe[10388:80b] Multi-tasking -> Device: YES, App: YES
2013-12-26 10:04:48.282 GifMe[10388:80b] Unlimited access to network resources
2013-12-26 10:04:48.367 GifMe[10388:80b] Resetting plugins due to page load.
2013-12-26 10:04:48.436 GifMe[10388:80b] Finished load of: file:///Users/Drew/Library/Application%20Support/iPhone%20Simulator/7.0.3/Applications/39F24909-3BBD-41E9-8DE4-7AFCCD81CE67/GifMe.app/www/index.html
2013-12-26 10:05:14.090 GifMe[11287:80b] Multi-tasking -> Device: YES, App: YES
2013-12-26 10:05:14.095 GifMe[11287:80b] Unlimited access to network resources
2013-12-26 10:05:14.184 GifMe[11287:80b] Resetting plugins due to page load.
2013-12-26 10:05:14.270 GifMe[11287:80b] Finished load of: file:///Users/Drew/Library/Application%20Support/iPhone%20Simulator/7.0.3/Applications/39F24909-3BBD-41E9-8DE4-7AFCCD81CE67/GifMe.app/www/index.html
2013-12-26 10:05:44.183 GifMe[12190:80b] Multi-tasking -> Device: YES, App: YES
2013-12-26 10:05:44.191 GifMe[12190:80b] Unlimited access to network resources
2013-12-26 10:05:44.275 GifMe[12190:80b] Resetting plugins due to page load.
2013-12-26 10:05:44.336 GifMe[12190:80b] Finished load of: file:///Users/Drew/Library/Application%20Support/iPhone%20Simulator/7.0.3/Applications/39F24909-3BBD-41E9-8DE4-7AFCCD81CE67/GifMe.app/www/index.html
2013-12-26 10:06:10.785 Hello Cordova[12675:80b] Multi-tasking -> Device: YES, App: YES
2013-12-26 10:06:10.794 Hello Cordova[12675:80b] Unlimited access to network resources
2013-12-26 10:06:10.798 Hello Cordova[12675:80b] Fix applied for database locations?: YES
2013-12-26 10:06:10.881 Hello Cordova[12675:80b] Resetting plugins due to page load.
2013-12-26 10:06:10.970 Hello Cordova[12675:80b] Finished load of: file:///Users/Drew/Library/Application%20Support/iPhone%20Simulator/7.0.3/Applications/A2B9522F-0213-4846-8A9C-1E3E459D6439/Hello%20Cordova.app/www/index.html
2013-12-26 10:07:53.949 Hello Cordova[13154:80b] Multi-tasking -> Device: YES, App: YES
2013-12-26 10:07:53.957 Hello Cordova[13154:80b] Unlimited access to network resources
2013-12-26 10:07:54.050 Hello Cordova[13154:80b] Resetting plugins due to page load.
2013-12-26 10:07:54.118 Hello Cordova[13154:80b] Finished load of: file:///Users/Drew/Library/Application%20Support/iPhone%20Simulator/7.0.3/Applications/A2B9522F-0213-4846-8A9C-1E3E459D6439/Hello%20Cordova.app/www/index.html
2013-12-26 10:08:27.737 Hello Cordova[13633:80b] Multi-tasking -> Device: YES, App: YES
2013-12-26 10:08:27.745 Hello Cordova[13633:80b] Unlimited access to network resources
2013-12-26 10:08:27.830 Hello Cordova[13633:80b] Resetting plugins due to page load.
2013-12-26 10:08:27.916 Hello Cordova[13633:80b] Finished load of: file:///Users/Drew/Library/Application%20Support/iPhone%20Simulator/7.0.3/Applications/A2B9522F-0213-4846-8A9C-1E3E459D6439/Hello%20Cordova.app/www/index.html
2013-12-26 10:09:05.266 Hello Cordova[14111:80b] Multi-tasking -> Device: YES, App: YES
2013-12-26 10:09:05.274 Hello Cordova[14111:80b] Unlimited access to network resources
2013-12-26 10:09:05.365 Hello Cordova[14111:80b] Resetting plugins due to page load.
2013-12-26 10:09:05.461 Hello Cordova[14111:80b] Finished load of: file:///Users/Drew/Library/Application%20Support/iPhone%20Simulator/7.0.3/Applications/A2B9522F-0213-4846-8A9C-1E3E459D6439/Hello%20Cordova.app/www/index.html
2013-12-26 10:10:00.076 Hello Cordova[14593:80b] Multi-tasking -> Device: YES, App: YES
2013-12-26 10:10:00.081 Hello Cordova[14593:80b] Unlimited access to network resources
2013-12-26 10:10:00.171 Hello Cordova[14593:80b] Resetting plugins due to page load.
2013-12-26 10:10:00.277 Hello Cordova[14593:80b] Finished load of: file:///Users/Drew/Library/Application%20Support/iPhone%20Simulator/7.0.3/Applications/A2B9522F-0213-4846-8A9C-1E3E459D6439/Hello%20Cordova.app/www/index.html
2013-12-26 10:10:00.300 Hello Cordova[14593:80b] hello
2013-12-26 10:10:51.980 Hello Cordova[15077:80b] Multi-tasking -> Device: YES, App: YES
2013-12-26 10:10:51.988 Hello Cordova[15077:80b] Unlimited access to network resources
2013-12-26 10:10:52.084 Hello Cordova[15077:80b] Resetting plugins due to page load.
2013-12-26 10:10:52.194 Hello Cordova[15077:80b] Finished load of: file:///Users/Drew/Library/Application%20Support/iPhone%20Simulator/7.0.3/Applications/A2B9522F-0213-4846-8A9C-1E3E459D6439/Hello%20Cordova.app/www/index.html
2013-12-26 10:11:10.868 Hello Cordova[15077:80b] CDVWebViewDelegate: Navigation started when state=1
2013-12-26 10:11:10.868 Hello Cordova[15077:80b] Failed to load webpage with error: CDVWebViewDelegate: Navigation started when state=1
2013-12-26 10:11:10.869 Hello Cordova[15077:80b] Resetting plugins due to page load.
2013-12-26 10:11:12.576 Hello Cordova[15077:80b] Finished load of: http://gifme.io/password
2013-12-26 10:12:21.365 Hello Cordova[15555:80b] Multi-tasking -> Device: YES, App: YES
2013-12-26 10:12:21.374 Hello Cordova[15555:80b] Unlimited access to network resources
2013-12-26 10:12:21.465 Hello Cordova[15555:80b] Resetting plugins due to page load.
2013-12-26 10:12:21.563 Hello Cordova[15555:80b] Finished load of: file:///Users/Drew/Library/Application%20Support/iPhone%20Simulator/7.0.3/Applications/A2B9522F-0213-4846-8A9C-1E3E459D6439/Hello%20Cordova.app/www/index.html
2013-12-26 10:12:31.035 Hello Cordova[15555:80b] Resetting plugins due to page load.
2013-12-26 10:12:31.178 Hello Cordova[15555:80b] Finished load of: file:///Users/Drew/Library/Application%20Support/iPhone%20Simulator/7.0.3/Applications/A2B9522F-0213-4846-8A9C-1E3E459D6439/Hello%20Cordova.app/www/index.html?
2013-12-26 10:14:59.295 Hello Cordova[16043:80b] Multi-tasking -> Device: YES, App: YES
2013-12-26 10:14:59.301 Hello Cordova[16043:80b] Unlimited access to network resources
2013-12-26 10:14:59.393 Hello Cordova[16043:80b] Resetting plugins due to page load.
2013-12-26 10:14:59.470 Hello Cordova[16043:80b] Finished load of: file:///Users/Drew/Library/Application%20Support/iPhone%20Simulator/7.0.3/Applications/A2B9522F-0213-4846-8A9C-1E3E459D6439/Hello%20Cordova.app/www/index.html
2013-12-26 10:15:13.024 Hello Cordova[16043:80b] Resetting plugins due to page load.
2013-12-26 10:15:13.066 Hello Cordova[16043:80b] Finished load of: file:///Users/Drew/Library/Application%20Support/iPhone%20Simulator/7.0.3/Applications/A2B9522F-0213-4846-8A9C-1E3E459D6439/Hello%20Cordova.app/www/index.html?
2013-12-26 10:15:14.624 Hello Cordova[16043:80b] Resetting plugins due to page load.
2013-12-26 10:15:14.647 Hello Cordova[16043:80b] Finished load of: file:///Users/Drew/Library/Application%20Support/iPhone%20Simulator/7.0.3/Applications/A2B9522F-0213-4846-8A9C-1E3E459D6439/Hello%20Cordova.app/www/index.html?
2013-12-26 10:15:21.925 Hello Cordova[16043:80b] Resetting plugins due to page load.
2013-12-26 10:15:22.062 Hello Cordova[16043:80b] Finished load of: file:///Users/Drew/Library/Application%20Support/iPhone%20Simulator/7.0.3/Applications/A2B9522F-0213-4846-8A9C-1E3E459D6439/Hello%20Cordova.app/www/index.html?
2013-12-26 10:16:42.581 Hello Cordova[16523:80b] Multi-tasking -> Device: YES, App: YES
2013-12-26 10:16:42.586 Hello Cordova[16523:80b] Unlimited access to network resources
2013-12-26 10:16:42.673 Hello Cordova[16523:80b] Resetting plugins due to page load.
2013-12-26 10:16:42.774 Hello Cordova[16523:80b] Finished load of: file:///Users/Drew/Library/Application%20Support/iPhone%20Simulator/7.0.3/Applications/A2B9522F-0213-4846-8A9C-1E3E459D6439/Hello%20Cordova.app/www/index.html
2013-12-26 10:17:00.507 Hello Cordova[16523:80b] Resetting plugins due to page load.
2013-12-26 10:17:00.668 Hello Cordova[16523:80b] Finished load of: file:///Users/Drew/Library/Application%20Support/iPhone%20Simulator/7.0.3/Applications/A2B9522F-0213-4846-8A9C-1E3E459D6439/Hello%20Cordova.app/www/index.html?
2013-12-26 10:18:26.741 Hello Cordova[17007:80b] Multi-tasking -> Device: YES, App: YES
2013-12-26 10:18:26.748 Hello Cordova[17007:80b] Unlimited access to network resources
2013-12-26 10:18:26.838 Hello Cordova[17007:80b] Resetting plugins due to page load.
2013-12-26 10:18:26.944 Hello Cordova[17007:80b] Finished load of: file:///Users/Drew/Library/Application%20Support/iPhone%20Simulator/7.0.3/Applications/A2B9522F-0213-4846-8A9C-1E3E459D6439/Hello%20Cordova.app/www/index.html
2013-12-26 10:18:34.107 Hello Cordova[17007:80b] Resetting plugins due to page load.
2013-12-26 10:18:34.248 Hello Cordova[17007:80b] Finished load of: file:///Users/Drew/Library/Application%20Support/iPhone%20Simulator/7.0.3/Applications/A2B9522F-0213-4846-8A9C-1E3E459D6439/Hello%20Cordova.app/www/index.html?
2013-12-26 10:18:57.360 Hello Cordova[17482:80b] Multi-tasking -> Device: YES, App: YES
2013-12-26 10:18:57.368 Hello Cordova[17482:80b] Unlimited access to network resources
2013-12-26 10:18:57.461 Hello Cordova[17482:80b] Resetting plugins due to page load.
2013-12-26 10:18:57.578 Hello Cordova[17482:80b] Finished load of: file:///Users/Drew/Library/Application%20Support/iPhone%20Simulator/7.0.3/Applications/A2B9522F-0213-4846-8A9C-1E3E459D6439/Hello%20Cordova.app/www/index.html
2013-12-26 10:19:07.636 Hello Cordova[17482:80b] Resetting plugins due to page load.
2013-12-26 10:19:07.776 Hello Cordova[17482:80b] Finished load of: file:///Users/Drew/Library/Application%20Support/iPhone%20Simulator/7.0.3/Applications/A2B9522F-0213-4846-8A9C-1E3E459D6439/Hello%20Cordova.app/www/index.html?
2013-12-26 10:19:43.879 Hello Cordova[17961:80b] Multi-tasking -> Device: YES, App: YES
2013-12-26 10:19:43.887 Hello Cordova[17961:80b] Unlimited access to network resources
2013-12-26 10:19:43.979 Hello Cordova[17961:80b] Resetting plugins due to page load.
2013-12-26 10:19:44.083 Hello Cordova[17961:80b] Finished load of: file:///Users/Drew/Library/Application%20Support/iPhone%20Simulator/7.0.3/Applications/A2B9522F-0213-4846-8A9C-1E3E459D6439/Hello%20Cordova.app/www/index.html
2013-12-26 10:19:58.121 Hello Cordova[17961:80b] Resetting plugins due to page load.
2013-12-26 10:19:58.262 Hello Cordova[17961:80b] Finished load of: file:///Users/Drew/Library/Application%20Support/iPhone%20Simulator/7.0.3/Applications/A2B9522F-0213-4846-8A9C-1E3E459D6439/Hello%20Cordova.app/www/index.html?
2013-12-26 10:20:37.807 Hello Cordova[18436:80b] Multi-tasking -> Device: YES, App: YES
2013-12-26 10:20:37.813 Hello Cordova[18436:80b] Unlimited access to network resources
2013-12-26 10:20:37.904 Hello Cordova[18436:80b] Resetting plugins due to page load.
2013-12-26 10:20:37.978 Hello Cordova[18436:80b] Finished load of: file:///Users/Drew/Library/Application%20Support/iPhone%20Simulator/7.0.3/Applications/A2B9522F-0213-4846-8A9C-1E3E459D6439/Hello%20Cordova.app/www/index.html
2013-12-26 10:21:12.585 Hello Cordova[18911:80b] Multi-tasking -> Device: YES, App: YES
2013-12-26 10:21:12.590 Hello Cordova[18911:80b] Unlimited access to network resources
2013-12-26 10:21:12.661 Hello Cordova[18911:80b] Resetting plugins due to page load.
2013-12-26 10:21:12.756 Hello Cordova[18911:80b] Finished load of: file:///Users/Drew/Library/Application%20Support/iPhone%20Simulator/7.0.3/Applications/A2B9522F-0213-4846-8A9C-1E3E459D6439/Hello%20Cordova.app/www/index.html
2013-12-26 10:21:43.567 Hello Cordova[19385:80b] Multi-tasking -> Device: YES, App: YES
2013-12-26 10:21:43.573 Hello Cordova[19385:80b] Unlimited access to network resources
2013-12-26 10:21:43.672 Hello Cordova[19385:80b] Resetting plugins due to page load.
2013-12-26 10:21:43.782 Hello Cordova[19385:80b] Finished load of: file:///Users/Drew/Library/Application%20Support/iPhone%20Simulator/7.0.3/Applications/A2B9522F-0213-4846-8A9C-1E3E459D6439/Hello%20Cordova.app/www/index.html
2013-12-26 10:22:35.633 Hello Cordova[19859:80b] Multi-tasking -> Device: YES, App: YES
2013-12-26 10:22:35.641 Hello Cordova[19859:80b] Unlimited access to network resources
2013-12-26 10:22:35.703 Hello Cordova[19859:80b] Resetting plugins due to page load.
2013-12-26 10:22:35.792 Hello Cordova[19859:80b] Finished load of: file:///Users/Drew/Library/Application%20Support/iPhone%20Simulator/7.0.3/Applications/A2B9522F-0213-4846-8A9C-1E3E459D6439/Hello%20Cordova.app/www/index.html
2013-12-26 10:22:49.255 Hello Cordova[19859:80b] 5517
2013-12-26 10:23:10.971 Hello Cordova[20335:80b] Multi-tasking -> Device: YES, App: YES
2013-12-26 10:23:10.976 Hello Cordova[20335:80b] Unlimited access to network resources
2013-12-26 10:23:11.064 Hello Cordova[20335:80b] Resetting plugins due to page load.
2013-12-26 10:23:11.165 Hello Cordova[20335:80b] Finished load of: file:///Users/Drew/Library/Application%20Support/iPhone%20Simulator/7.0.3/Applications/A2B9522F-0213-4846-8A9C-1E3E459D6439/Hello%20Cordova.app/www/index.html
Terminating in response to SpringBoard's termination.
2013-12-28 07:51:41.027 GifMe[5025:80b] Multi-tasking -> Device: YES, App: YES
2013-12-28 07:51:41.049 GifMe[5025:80b] Unlimited access to network resources
2013-12-28 07:51:41.052 GifMe[5025:80b] Fix applied for database locations?: YES
2013-12-28 07:51:41.431 GifMe[5025:80b] Resetting plugins due to page load.
2013-12-28 07:51:41.587 GifMe[5025:80b] Finished load of: file:///Users/Drew/Library/Application%20Support/iPhone%20Simulator/7.0.3/Applications/BFF6C82D-E8E7-4811-A2EC-5D64251821A8/GifMe.app/www/index.html
2013-12-28 07:57:42.242 GifMe[5586:80b] Multi-tasking -> Device: YES, App: YES
2013-12-28 07:57:42.247 GifMe[5586:80b] Unlimited access to network resources
2013-12-28 07:57:42.332 GifMe[5586:80b] Resetting plugins due to page load.
2013-12-28 07:57:42.433 GifMe[5586:80b] Finished load of: file:///Users/Drew/Library/Application%20Support/iPhone%20Simulator/7.0.3/Applications/BFF6C82D-E8E7-4811-A2EC-5D64251821A8/GifMe.app/www/index.html
2013-12-28 07:58:10.885 GifMe[6059:80b] Multi-tasking -> Device: YES, App: YES
2013-12-28 07:58:10.893 GifMe[6059:80b] Unlimited access to network resources
2013-12-28 07:58:10.984 GifMe[6059:80b] Resetting plugins due to page load.
2013-12-28 07:58:11.071 GifMe[6059:80b] Finished load of: file:///Users/Drew/Library/Application%20Support/iPhone%20Simulator/7.0.3/Applications/BFF6C82D-E8E7-4811-A2EC-5D64251821A8/GifMe.app/www/index.html
2013-12-28 07:58:40.256 GifMe[6531:80b] Multi-tasking -> Device: YES, App: YES
2013-12-28 07:58:40.261 GifMe[6531:80b] Unlimited access to network resources
2013-12-28 07:58:40.334 GifMe[6531:80b] Resetting plugins due to page load.
2013-12-28 07:58:40.408 GifMe[6531:80b] Finished load of: file:///Users/Drew/Library/Application%20Support/iPhone%20Simulator/7.0.3/Applications/BFF6C82D-E8E7-4811-A2EC-5D64251821A8/GifMe.app/www/index.html
2013-12-28 07:59:04.063 GifMe[7003:80b] Multi-tasking -> Device: YES, App: YES
2013-12-28 07:59:04.071 GifMe[7003:80b] Unlimited access to network resources
2013-12-28 07:59:04.154 GifMe[7003:80b] Resetting plugins due to page load.
2013-12-28 07:59:04.246 GifMe[7003:80b] Finished load of: file:///Users/Drew/Library/Application%20Support/iPhone%20Simulator/7.0.3/Applications/BFF6C82D-E8E7-4811-A2EC-5D64251821A8/GifMe.app/www/index.html
2013-12-28 07:59:30.919 GifMe[7475:80b] Multi-tasking -> Device: YES, App: YES
2013-12-28 07:59:30.925 GifMe[7475:80b] Unlimited access to network resources
2013-12-28 07:59:31.008 GifMe[7475:80b] Resetting plugins due to page load.
2013-12-28 07:59:31.096 GifMe[7475:80b] Finished load of: file:///Users/Drew/Library/Application%20Support/iPhone%20Simulator/7.0.3/Applications/BFF6C82D-E8E7-4811-A2EC-5D64251821A8/GifMe.app/www/index.html
2013-12-28 07:59:58.368 GifMe[7475:80b] CDVWebViewDelegate: Navigation started when state=1
2013-12-28 07:59:58.368 GifMe[7475:80b] Failed to load webpage with error: CDVWebViewDelegate: Navigation started when state=1
2013-12-28 07:59:58.368 GifMe[7475:80b] Resetting plugins due to page load.
2013-12-28 07:59:59.953 GifMe[7475:80b] Finished load of: http://gifme.io/password
2013-12-28 08:00:26.818 GifMe[7983:80b] Multi-tasking -> Device: YES, App: YES
2013-12-28 08:00:26.824 GifMe[7983:80b] Unlimited access to network resources
2013-12-28 08:00:26.909 GifMe[7983:80b] Resetting plugins due to page load.
2013-12-28 08:00:26.998 GifMe[7983:80b] Finished load of: file:///Users/Drew/Library/Application%20Support/iPhone%20Simulator/7.0.3/Applications/BFF6C82D-E8E7-4811-A2EC-5D64251821A8/GifMe.app/www/index.html
2013-12-28 08:00:28.544 GifMe[7983:80b] CDVWebViewDelegate: Navigation started when state=1
2013-12-28 08:00:28.545 GifMe[7983:80b] Failed to load webpage with error: CDVWebViewDelegate: Navigation started when state=1
2013-12-28 08:00:28.545 GifMe[7983:80b] Resetting plugins due to page load.
2013-12-28 08:00:29.779 GifMe[7983:80b] Finished load of: http://gifme.io/password
2013-12-28 08:02:23.462 GifMe[8530:80b] Multi-tasking -> Device: YES, App: YES
2013-12-28 08:02:23.467 GifMe[8530:80b] Unlimited access to network resources
2013-12-28 08:02:23.542 GifMe[8530:80b] Resetting plugins due to page load.
2013-12-28 08:02:23.613 GifMe[8530:80b] Finished load of: file:///Users/Drew/Library/Application%20Support/iPhone%20Simulator/7.0.3/Applications/BFF6C82D-E8E7-4811-A2EC-5D64251821A8/GifMe.app/www/index.html
2013-12-28 08:02:26.231 GifMe[8530:80b] CDVWebViewDelegate: Navigation started when state=1
2013-12-28 08:02:26.231 GifMe[8530:80b] Failed to load webpage with error: CDVWebViewDelegate: Navigation started when state=1
2013-12-28 08:02:26.232 GifMe[8530:80b] Resetting plugins due to page load.
2013-12-28 08:02:27.464 GifMe[8530:80b] Finished load of: http://gifme.io/password
2013-12-28 08:03:06.856 GifMe[9015:80b] Multi-tasking -> Device: YES, App: YES
2013-12-28 08:03:06.862 GifMe[9015:80b] Unlimited access to network resources
2013-12-28 08:03:06.932 GifMe[9015:80b] Resetting plugins due to page load.
2013-12-28 08:03:07.019 GifMe[9015:80b] Finished load of: file:///Users/Drew/Library/Application%20Support/iPhone%20Simulator/7.0.3/Applications/BFF6C82D-E8E7-4811-A2EC-5D64251821A8/GifMe.app/www/index.html
2013-12-28 08:03:08.735 GifMe[9015:80b] CDVWebViewDelegate: Navigation started when state=1
2013-12-28 08:03:08.735 GifMe[9015:80b] Failed to load webpage with error: CDVWebViewDelegate: Navigation started when state=1
2013-12-28 08:03:08.736 GifMe[9015:80b] Resetting plugins due to page load.
2013-12-28 08:03:10.004 GifMe[9015:80b] Finished load of: http://gifme.io/password
2013-12-28 08:05:26.751 GifMe[9509:80b] Multi-tasking -> Device: YES, App: YES
2013-12-28 08:05:26.757 GifMe[9509:80b] Unlimited access to network resources
2013-12-28 08:05:26.843 GifMe[9509:80b] Resetting plugins due to page load.
2013-12-28 08:05:26.941 GifMe[9509:80b] Finished load of: file:///Users/Drew/Library/Application%20Support/iPhone%20Simulator/7.0.3/Applications/BFF6C82D-E8E7-4811-A2EC-5D64251821A8/GifMe.app/www/index.html
2013-12-28 08:05:39.248 GifMe[9509:80b] CDVWebViewDelegate: Navigation started when state=1
2013-12-28 08:05:39.249 GifMe[9509:80b] Failed to load webpage with error: CDVWebViewDelegate: Navigation started when state=1
2013-12-28 08:05:39.249 GifMe[9509:80b] Resetting plugins due to page load.
2013-12-28 08:05:40.800 GifMe[9509:80b] Finished load of: http://gifme.io/password
2013-12-28 08:06:58.434 GifMe[9509:80b] Resetting plugins due to page load.
2013-12-28 08:06:58.655 GifMe[9509:80b] Finished load of: http://gifme.io/password/changed
2013-12-28 08:07:52.942 GifMe[10010:80b] Multi-tasking -> Device: YES, App: YES
2013-12-28 08:07:52.950 GifMe[10010:80b] Unlimited access to network resources
2013-12-28 08:07:53.043 GifMe[10010:80b] Resetting plugins due to page load.
2013-12-28 08:07:53.135 GifMe[10010:80b] Finished load of: file:///Users/Drew/Library/Application%20Support/iPhone%20Simulator/7.0.3/Applications/BFF6C82D-E8E7-4811-A2EC-5D64251821A8/GifMe.app/www/index.html
2013-12-28 08:07:55.290 GifMe[10010:80b] CDVWebViewDelegate: Navigation started when state=1
2013-12-28 08:07:55.291 GifMe[10010:80b] Failed to load webpage with error: CDVWebViewDelegate: Navigation started when state=1
2013-12-28 08:07:55.291 GifMe[10010:80b] Resetting plugins due to page load.
2013-12-28 08:07:56.580 GifMe[10010:80b] Finished load of: http://gifme.io/password
2013-12-28 08:08:38.071 GifMe[10493:80b] Multi-tasking -> Device: YES, App: YES
2013-12-28 08:08:38.076 GifMe[10493:80b] Unlimited access to network resources
2013-12-28 08:08:38.166 GifMe[10493:80b] Resetting plugins due to page load.
2013-12-28 08:08:38.256 GifMe[10493:80b] Finished load of: file:///Users/Drew/Library/Application%20Support/iPhone%20Simulator/7.0.3/Applications/BFF6C82D-E8E7-4811-A2EC-5D64251821A8/GifMe.app/www/index.html
2013-12-28 08:08:41.488 GifMe[10493:80b] THREAD WARNING: ['InAppBrowser'] took '155.094727' ms. Plugin should use a background thread.
2013-12-28 08:08:55.971 GifMe[10493:80b] 1
2013-12-28 08:08:56.213 GifMe[10493:80b] 0 30
2013-12-28 08:09:06.852 GifMe[10493:80b] 0 30
2013-12-28 08:10:23.500 GifMe[10984:80b] Multi-tasking -> Device: YES, App: YES
2013-12-28 08:10:23.505 GifMe[10984:80b] Unlimited access to network resources
2013-12-28 08:10:23.588 GifMe[10984:80b] Resetting plugins due to page load.
2013-12-28 08:10:23.680 GifMe[10984:80b] Finished load of: file:///Users/Drew/Library/Application%20Support/iPhone%20Simulator/7.0.3/Applications/BFF6C82D-E8E7-4811-A2EC-5D64251821A8/GifMe.app/www/index.html
2013-12-28 08:10:24.065 GifMe[10984:80b] 0 30
2013-12-28 08:10:47.332 GifMe[10984:80b] 0 30
2013-12-28 08:10:48.370 GifMe[10984:80b] 0 30
2013-12-28 08:11:50.162 GifMe[11475:80b] Multi-tasking -> Device: YES, App: YES
2013-12-28 08:11:50.167 GifMe[11475:80b] Unlimited access to network resources
2013-12-28 08:11:50.251 GifMe[11475:80b] Resetting plugins due to page load.
2013-12-28 08:11:50.337 GifMe[11475:80b] Finished load of: file:///Users/Drew/Library/Application%20Support/iPhone%20Simulator/7.0.3/Applications/BFF6C82D-E8E7-4811-A2EC-5D64251821A8/GifMe.app/www/index.html
2013-12-28 08:11:50.765 GifMe[11475:80b] 0 30
2013-12-28 08:11:56.874 GifMe[11475:80b] CDVWebViewDelegate: Navigation started when state=1
2013-12-28 08:11:56.874 GifMe[11475:80b] Failed to load webpage with error: CDVWebViewDelegate: Navigation started when state=1
2013-12-28 08:11:56.875 GifMe[11475:80b] Resetting plugins due to page load.
2013-12-28 08:11:58.639 GifMe[11475:80b] Finished load of: http://gifme.io/u/42c8d/0
2013-12-28 08:12:16.390 GifMe[11958:80b] Multi-tasking -> Device: YES, App: YES
2013-12-28 08:12:16.395 GifMe[11958:80b] Unlimited access to network resources
2013-12-28 08:12:16.484 GifMe[11958:80b] Resetting plugins due to page load.
2013-12-28 08:12:16.577 GifMe[11958:80b] Finished load of: file:///Users/Drew/Library/Application%20Support/iPhone%20Simulator/7.0.3/Applications/BFF6C82D-E8E7-4811-A2EC-5D64251821A8/GifMe.app/www/index.html
2013-12-28 08:12:17.050 GifMe[11958:80b] 0 30
2013-12-28 08:12:39.867 GifMe[11958:80b] 0 30
2013-12-28 08:13:30.030 GifMe[12447:80b] Multi-tasking -> Device: YES, App: YES
2013-12-28 08:13:30.036 GifMe[12447:80b] Unlimited access to network resources
2013-12-28 08:13:30.126 GifMe[12447:80b] Resetting plugins due to page load.
2013-12-28 08:13:30.231 GifMe[12447:80b] Finished load of: file:///Users/Drew/Library/Application%20Support/iPhone%20Simulator/7.0.3/Applications/BFF6C82D-E8E7-4811-A2EC-5D64251821A8/GifMe.app/www/index.html
2013-12-28 08:13:30.536 GifMe[12447:80b] 0 30
2013-12-28 08:17:18.173 GifMe[13417:80b] Multi-tasking -> Device: YES, App: YES
2013-12-28 08:17:18.178 GifMe[13417:80b] Unlimited access to network resources
2013-12-28 08:17:18.266 GifMe[13417:80b] Resetting plugins due to page load.
2013-12-28 08:17:18.333 GifMe[13417:80b] Finished load of: file:///Users/Drew/Library/Application%20Support/iPhone%20Simulator/7.0.3/Applications/BFF6C82D-E8E7-4811-A2EC-5D64251821A8/GifMe.app/www/index.html
2013-12-28 08:17:18.490 GifMe[13417:80b] 568
2013-12-28 08:17:18.902 GifMe[13417:80b] 0 30
2013-12-28 08:17:48.260 GifMe[13417:80b] {"id":197807,"user":1,"link":"http://i.minus.com/iYHR5eWAOsvQI.gif","static":{"static":{"url":"http://880e1fc575bff25aff71-ff0ec5b5db438a9182fb3bcb68985c76.r30.cf1.rackcdn.com/gifme/_5e38893edce680a2cbfc.gif","thumb":{"url":"http://880e1fc575bff25aff71-ff0ec5b5db438a9182fb3bcb68985c76.r30.cf1.rackcdn.com/gifme/thumb__5e38893edce680a2cbfc.gif"}}},"copy":1}
2013-12-28 08:19:49.149 GifMe[13914:80b] Multi-tasking -> Device: YES, App: YES
2013-12-28 08:19:49.154 GifMe[13914:80b] Unlimited access to network resources
2013-12-28 08:19:49.238 GifMe[13914:80b] Resetting plugins due to page load.
2013-12-28 08:19:49.334 GifMe[13914:80b] Finished load of: file:///Users/Drew/Library/Application%20Support/iPhone%20Simulator/7.0.3/Applications/BFF6C82D-E8E7-4811-A2EC-5D64251821A8/GifMe.app/www/index.html
2013-12-28 08:19:49.374 GifMe[13914:80b] 568
2013-12-28 08:19:49.771 GifMe[13914:80b] 0 30
2013-12-28 08:20:26.942 GifMe[13914:80b] 0 30
2013-12-28 08:20:33.925 GifMe[13914:80b] 0 30
2013-12-28 08:20:38.175 GifMe[13914:80b] 0 0
2013-12-28 08:20:46.347 GifMe[13914:80b] 0 0
2013-12-28 08:25:35.995 GifMe[13914:80b] 52740
2013-12-28 08:25:38.094 GifMe[13914:80b] 0 1
2013-12-28 08:26:03.617 GifMe[14555:80b] Multi-tasking -> Device: YES, App: YES
2013-12-28 08:26:03.623 GifMe[14555:80b] Unlimited access to network resources
2013-12-28 08:26:03.753 GifMe[14555:80b] Resetting plugins due to page load.
2013-12-28 08:26:03.843 GifMe[14555:80b] Finished load of: file:///Users/Drew/Library/Application%20Support/iPhone%20Simulator/7.0.3/Applications/BFF6C82D-E8E7-4811-A2EC-5D64251821A8/GifMe.app/www/index.html
2013-12-28 08:26:03.868 GifMe[14555:80b] 568
2013-12-28 08:26:54.541 GifMe[15034:80b] Multi-tasking -> Device: YES, App: YES
2013-12-28 08:26:54.547 GifMe[15034:80b] Unlimited access to network resources
2013-12-28 08:26:54.636 GifMe[15034:80b] Resetting plugins due to page load.
2013-12-28 08:26:54.728 GifMe[15034:80b] Finished load of: file:///Users/Drew/Library/Application%20Support/iPhone%20Simulator/7.0.3/Applications/BFF6C82D-E8E7-4811-A2EC-5D64251821A8/GifMe.app/www/index.html
2013-12-28 08:26:54.757 GifMe[15034:80b] 568
2013-12-28 08:27:04.083 GifMe[15034:80b] 1
2013-12-28 08:27:04.336 GifMe[15034:80b] 0 30
2013-12-28 08:27:10.583 GifMe[15034:80b] Resetting plugins due to page load.
2013-12-28 08:27:10.616 GifMe[15034:80b] Finished load of: file:///Users/Drew/Library/Application%20Support/iPhone%20Simulator/7.0.3/Applications/BFF6C82D-E8E7-4811-A2EC-5D64251821A8/GifMe.app/www/index.html
2013-12-28 08:27:10.628 GifMe[15034:80b] 568
2013-12-28 08:28:13.524 GifMe[15521:80b] Multi-tasking -> Device: YES, App: YES
2013-12-28 08:28:13.530 GifMe[15521:80b] Unlimited access to network resources
2013-12-28 08:28:13.630 GifMe[15521:80b] Resetting plugins due to page load.
2013-12-28 08:28:13.744 GifMe[15521:80b] Finished load of: file:///Users/Drew/Library/Application%20Support/iPhone%20Simulator/7.0.3/Applications/BFF6C82D-E8E7-4811-A2EC-5D64251821A8/GifMe.app/www/index.html
2013-12-28 08:28:13.841 GifMe[15521:80b] 568
2013-12-28 08:28:41.988 GifMe[16004:80b] Multi-tasking -> Device: YES, App: YES
2013-12-28 08:28:41.993 GifMe[16004:80b] Unlimited access to network resources
2013-12-28 08:28:42.076 GifMe[16004:80b] Resetting plugins due to page load.
2013-12-28 08:28:42.180 GifMe[16004:80b] Finished load of: file:///Users/Drew/Library/Application%20Support/iPhone%20Simulator/7.0.3/Applications/BFF6C82D-E8E7-4811-A2EC-5D64251821A8/GifMe.app/www/index.html
2013-12-28 08:28:42.214 GifMe[16004:80b] 568
2013-12-28 08:28:59.874 GifMe[16483:80b] Multi-tasking -> Device: YES, App: YES
2013-12-28 08:28:59.879 GifMe[16483:80b] Unlimited access to network resources
2013-12-28 08:28:59.961 GifMe[16483:80b] Resetting plugins due to page load.
2013-12-28 08:29:00.065 GifMe[16483:80b] Finished load of: file:///Users/Drew/Library/Application%20Support/iPhone%20Simulator/7.0.3/Applications/BFF6C82D-E8E7-4811-A2EC-5D64251821A8/GifMe.app/www/index.html
2013-12-28 08:29:00.102 GifMe[16483:80b] 568
2013-12-28 08:29:35.401 GifMe[16961:80b] Multi-tasking -> Device: YES, App: YES
2013-12-28 08:29:35.408 GifMe[16961:80b] Unlimited access to network resources
2013-12-28 08:29:35.479 GifMe[16961:80b] Resetting plugins due to page load.
2013-12-28 08:29:35.553 GifMe[16961:80b] Finished load of: file:///Users/Drew/Library/Application%20Support/iPhone%20Simulator/7.0.3/Applications/BFF6C82D-E8E7-4811-A2EC-5D64251821A8/GifMe.app/www/index.html
2013-12-28 08:29:35.583 GifMe[16961:80b] 568
2013-12-28 08:34:24.382 GifMe[16961:80b] 1
2013-12-28 08:34:24.582 GifMe[16961:80b] 0 30
2013-12-28 08:35:34.852 GifMe[17511:80b] Multi-tasking -> Device: YES, App: YES
2013-12-28 08:35:34.857 GifMe[17511:80b] Unlimited access to network resources
2013-12-28 08:35:34.943 GifMe[17511:80b] Resetting plugins due to page load.
2013-12-28 08:35:38.608 GifMe[17511:80b] Finished load of: file:///Users/Drew/Library/Application%20Support/iPhone%20Simulator/7.0.3/Applications/BFF6C82D-E8E7-4811-A2EC-5D64251821A8/GifMe.app/www/index.html
2013-12-28 08:35:38.625 GifMe[17511:80b] 568
2013-12-28 08:35:38.858 GifMe[17511:80b] 0 30
2013-12-28 08:36:47.406 GifMe[17511:80b] 0 0
2013-12-28 08:36:54.156 GifMe[17511:80b] 0 30
2013-12-28 08:46:51.071 GifMe[30145:80b] Multi-tasking -> Device: YES, App: YES
2013-12-28 08:46:51.077 GifMe[30145:80b] Unlimited access to network resources
2013-12-28 08:46:51.204 GifMe[30145:80b] Resetting plugins due to page load.
2013-12-28 08:46:51.340 GifMe[30145:80b] Finished load of: file:///Users/Drew/Library/Application%20Support/iPhone%20Simulator/7.0.3/Applications/BFF6C82D-E8E7-4811-A2EC-5D64251821A8/GifMe.app/www/index.html
2013-12-28 08:46:51.372 GifMe[30145:80b] 568
2013-12-28 08:48:22.721 GifMe[30637:80b] Multi-tasking -> Device: YES, App: YES
2013-12-28 08:48:22.729 GifMe[30637:80b] Unlimited access to network resources
2013-12-28 08:48:22.832 GifMe[30637:80b] Resetting plugins due to page load.
2013-12-28 08:48:22.955 GifMe[30637:80b] Finished load of: file:///Users/Drew/Library/Application%20Support/iPhone%20Simulator/7.0.3/Applications/BFF6C82D-E8E7-4811-A2EC-5D64251821A8/GifMe.app/www/index.html
2013-12-28 08:48:22.986 GifMe[30637:80b] 568
2013-12-28 08:49:54.933 GifMe[31128:80b] Multi-tasking -> Device: YES, App: YES
2013-12-28 08:49:54.939 GifMe[31128:80b] Unlimited access to network resources
2013-12-28 08:49:55.018 GifMe[31128:80b] Resetting plugins due to page load.
2013-12-28 08:49:55.134 GifMe[31128:80b] Finished load of: file:///Users/Drew/Library/Application%20Support/iPhone%20Simulator/7.0.3/Applications/BFF6C82D-E8E7-4811-A2EC-5D64251821A8/GifMe.app/www/index.html
2013-12-28 08:49:55.171 GifMe[31128:80b] 568
2013-12-28 08:50:25.666 GifMe[31647:80b] Multi-tasking -> Device: YES, App: YES
2013-12-28 08:50:25.671 GifMe[31647:80b] Unlimited access to network resources
2013-12-28 08:50:25.755 GifMe[31647:80b] Resetting plugins due to page load.
2013-12-28 08:50:25.880 GifMe[31647:80b] Finished load of: file:///Users/Drew/Library/Application%20Support/iPhone%20Simulator/7.0.3/Applications/BFF6C82D-E8E7-4811-A2EC-5D64251821A8/GifMe.app/www/index.html
2013-12-28 08:50:25.912 GifMe[31647:80b] 568
2013-12-28 08:51:12.112 GifMe[32135:80b] Multi-tasking -> Device: YES, App: YES
2013-12-28 08:51:12.117 GifMe[32135:80b] Unlimited access to network resources
2013-12-28 08:51:12.196 GifMe[32135:80b] Resetting plugins due to page load.
2013-12-28 08:51:12.339 GifMe[32135:80b] Finished load of: file:///Users/Drew/Library/Application%20Support/iPhone%20Simulator/7.0.3/Applications/BFF6C82D-E8E7-4811-A2EC-5D64251821A8/GifMe.app/www/index.html
2013-12-28 08:51:12.361 GifMe[32135:80b] 568
2013-12-28 08:53:29.026 GifMe[32668:80b] Multi-tasking -> Device: YES, App: YES
2013-12-28 08:53:29.032 GifMe[32668:80b] Unlimited access to network resources
2013-12-28 08:53:29.107 GifMe[32668:80b] Resetting plugins due to page load.
2013-12-28 08:53:29.228 GifMe[32668:80b] Finished load of: file:///Users/Drew/Library/Application%20Support/iPhone%20Simulator/7.0.3/Applications/BFF6C82D-E8E7-4811-A2EC-5D64251821A8/GifMe.app/www/index.html
2013-12-28 08:53:29.256 GifMe[32668:80b] 568
2013-12-28 08:56:37.612 GifMe[33165:80b] Multi-tasking -> Device: YES, App: YES
2013-12-28 08:56:37.617 GifMe[33165:80b] Unlimited access to network resources
2013-12-28 08:56:37.696 GifMe[33165:80b] Resetting plugins due to page load.
2013-12-28 08:56:37.830 GifMe[33165:80b] Finished load of: file:///Users/Drew/Library/Application%20Support/iPhone%20Simulator/7.0.3/Applications/BFF6C82D-E8E7-4811-A2EC-5D64251821A8/GifMe.app/www/index.html
2013-12-28 08:56:37.862 GifMe[33165:80b] 568
2013-12-28 08:59:20.902 GifMe[33662:80b] Multi-tasking -> Device: YES, App: YES
2013-12-28 08:59:20.907 GifMe[33662:80b] Unlimited access to network resources
2013-12-28 08:59:20.978 GifMe[33662:80b] Resetting plugins due to page load.
2013-12-28 08:59:21.090 GifMe[33662:80b] Finished load of: file:///Users/Drew/Library/Application%20Support/iPhone%20Simulator/7.0.3/Applications/BFF6C82D-E8E7-4811-A2EC-5D64251821A8/GifMe.app/www/index.html
2013-12-28 08:59:21.122 GifMe[33662:80b] 568
2013-12-28 09:01:56.806 GifMe[34302:80b] Multi-tasking -> Device: YES, App: YES
2013-12-28 09:01:56.811 GifMe[34302:80b] Unlimited access to network resources
2013-12-28 09:01:56.924 GifMe[34302:80b] Resetting plugins due to page load.
2013-12-28 09:01:57.062 GifMe[34302:80b] Finished load of: file:///Users/Drew/Library/Application%20Support/iPhone%20Simulator/7.0.3/Applications/BFF6C82D-E8E7-4811-A2EC-5D64251821A8/GifMe.app/www/index.html
2013-12-28 09:03:11.444 GifMe[34797:80b] Multi-tasking -> Device: YES, App: YES
2013-12-28 09:03:11.451 GifMe[34797:80b] Unlimited access to network resources
2013-12-28 09:03:11.536 GifMe[34797:80b] Resetting plugins due to page load.
2013-12-28 09:03:11.665 GifMe[34797:80b] Finished load of: file:///Users/Drew/Library/Application%20Support/iPhone%20Simulator/7.0.3/Applications/BFF6C82D-E8E7-4811-A2EC-5D64251821A8/GifMe.app/www/index.html
2013-12-28 09:03:11.707 GifMe[34797:80b] 568
2013-12-28 09:05:40.554 GifMe[35294:80b] Multi-tasking -> Device: YES, App: YES
2013-12-28 09:05:40.559 GifMe[35294:80b] Unlimited access to network resources
2013-12-28 09:05:40.647 GifMe[35294:80b] Resetting plugins due to page load.
2013-12-28 09:05:40.779 GifMe[35294:80b] Finished load of: file:///Users/Drew/Library/Application%20Support/iPhone%20Simulator/7.0.3/Applications/BFF6C82D-E8E7-4811-A2EC-5D64251821A8/GifMe.app/www/index.html
2013-12-28 09:06:28.034 GifMe[35294:80b] CDVWebViewDelegate: Navigation started when state=1
2013-12-28 09:06:28.034 GifMe[35294:80b] Failed to load webpage with error: CDVWebViewDelegate: Navigation started when state=1
2013-12-28 09:06:28.035 GifMe[35294:80b] Resetting plugins due to page load.
2013-12-28 09:06:29.027 GifMe[35294:80b] Finished load of: http://m.imgur.com/
2013-12-28 09:06:40.132 GifMe[35779:80b] Multi-tasking -> Device: YES, App: YES
2013-12-28 09:06:40.137 GifMe[35779:80b] Unlimited access to network resources
2013-12-28 09:06:40.226 GifMe[35779:80b] Resetting plugins due to page load.
2013-12-28 09:06:40.359 GifMe[35779:80b] Finished load of: file:///Users/Drew/Library/Application%20Support/iPhone%20Simulator/7.0.3/Applications/BFF6C82D-E8E7-4811-A2EC-5D64251821A8/GifMe.app/www/index.html
2013-12-28 09:06:40.393 GifMe[35779:80b] 568
